{"/home/ally/Desktop/mybrand/learn-express/src/app.js": {"path":"/home/ally/Desktop/mybrand/learn-express/src/app.js","statementMap":{"0":{"start":{"line":7,"column":0},"end":{"line":7,"column":16}},"1":{"start":{"line":8,"column":12},"end":{"line":8,"column":21}},"2":{"start":{"line":11,"column":0},"end":{"line":11,"column":24}},"3":{"start":{"line":12,"column":0},"end":{"line":12,"column":26}},"4":{"start":{"line":13,"column":0},"end":{"line":13,"column":31}},"5":{"start":{"line":14,"column":0},"end":{"line":14,"column":30}},"6":{"start":{"line":16,"column":0},"end":{"line":18,"column":3}},"7":{"start":{"line":17,"column":2},"end":{"line":17,"column":58}}},"fnMap":{"0":{"name":"(anonymous_0)","decl":{"start":{"line":16,"column":13},"end":{"line":16,"column":14}},"loc":{"start":{"line":16,"column":27},"end":{"line":18,"column":1}},"line":16}},"branchMap":{},"s":{"0":4,"1":4,"2":4,"3":4,"4":4,"5":4,"6":4,"7":1},"f":{"0":1},"b":{},"_coverageSchema":"1a1c01bbd47fc00a2c39e90264f33305004495a9","hash":"0048fec2b6562d924206dcce40cab21c1d861700"}
,"/home/ally/Desktop/mybrand/learn-express/src/config/passport.js": {"path":"/home/ally/Desktop/mybrand/learn-express/src/config/passport.js","statementMap":{"0":{"start":{"line":2,"column":0},"end":{"line":2,"column":16}},"1":{"start":{"line":5,"column":16},"end":{"line":8,"column":1}},"2":{"start":{"line":10,"column":27},"end":{"line":12,"column":2}},"3":{"start":{"line":11,"column":2},"end":{"line":11,"column":50}}},"fnMap":{"0":{"name":"(anonymous_0)","decl":{"start":{"line":10,"column":52},"end":{"line":10,"column":53}},"loc":{"start":{"line":10,"column":71},"end":{"line":12,"column":1}},"line":10}},"branchMap":{},"s":{"0":4,"1":4,"2":4,"3":5},"f":{"0":5},"b":{},"_coverageSchema":"1a1c01bbd47fc00a2c39e90264f33305004495a9","hash":"b97f4168e671302fea2e66cbd2d9345bf2a67e05"}
,"/home/ally/Desktop/mybrand/learn-express/src/controllers/admin.controller.js": {"path":"/home/ally/Desktop/mybrand/learn-express/src/controllers/admin.controller.js","statementMap":{"0":{"start":{"line":7,"column":0},"end":{"line":7,"column":16}},"1":{"start":{"line":10,"column":20},"end":{"line":32,"column":1}},"2":{"start":{"line":11,"column":2},"end":{"line":31,"column":3}},"3":{"start":{"line":12,"column":23},"end":{"line":12,"column":69}},"4":{"start":{"line":14,"column":4},"end":{"line":16,"column":5}},"5":{"start":{"line":15,"column":6},"end":{"line":15,"column":70}},"6":{"start":{"line":18,"column":26},"end":{"line":18,"column":66}},"7":{"start":{"line":19,"column":4},"end":{"line":19,"column":31}},"8":{"start":{"line":21,"column":18},"end":{"line":25,"column":6}},"9":{"start":{"line":27,"column":4},"end":{"line":27,"column":23}},"10":{"start":{"line":28,"column":4},"end":{"line":28,"column":73}},"11":{"start":{"line":30,"column":4},"end":{"line":30,"column":64}},"12":{"start":{"line":34,"column":19},"end":{"line":56,"column":1}},"13":{"start":{"line":35,"column":16},"end":{"line":35,"column":62}},"14":{"start":{"line":36,"column":2},"end":{"line":38,"column":3}},"15":{"start":{"line":37,"column":4},"end":{"line":37,"column":65}},"16":{"start":{"line":39,"column":24},"end":{"line":39,"column":79}},"17":{"start":{"line":41,"column":2},"end":{"line":46,"column":3}},"18":{"start":{"line":42,"column":4},"end":{"line":45,"column":7}},"19":{"start":{"line":48,"column":16},"end":{"line":48,"column":36}},"20":{"start":{"line":50,"column":2},"end":{"line":55,"column":5}}},"fnMap":{"0":{"name":"(anonymous_0)","decl":{"start":{"line":10,"column":20},"end":{"line":10,"column":21}},"loc":{"start":{"line":10,"column":40},"end":{"line":32,"column":1}},"line":10},"1":{"name":"(anonymous_1)","decl":{"start":{"line":34,"column":19},"end":{"line":34,"column":20}},"loc":{"start":{"line":34,"column":39},"end":{"line":56,"column":1}},"line":34}},"branchMap":{"0":{"loc":{"start":{"line":14,"column":4},"end":{"line":16,"column":5}},"type":"if","locations":[{"start":{"line":14,"column":4},"end":{"line":16,"column":5}},{"start":{},"end":{}}],"line":14},"1":{"loc":{"start":{"line":36,"column":2},"end":{"line":38,"column":3}},"type":"if","locations":[{"start":{"line":36,"column":2},"end":{"line":38,"column":3}},{"start":{},"end":{}}],"line":36},"2":{"loc":{"start":{"line":41,"column":2},"end":{"line":46,"column":3}},"type":"if","locations":[{"start":{"line":41,"column":2},"end":{"line":46,"column":3}},{"start":{},"end":{}}],"line":41}},"s":{"0":4,"1":4,"2":0,"3":0,"4":0,"5":0,"6":0,"7":0,"8":0,"9":0,"10":0,"11":0,"12":4,"13":3,"14":3,"15":1,"16":2,"17":2,"18":1,"19":1,"20":1},"f":{"0":0,"1":3},"b":{"0":[0,0],"1":[1,2],"2":[1,1]},"_coverageSchema":"1a1c01bbd47fc00a2c39e90264f33305004495a9","hash":"da93ce0e928720e1709339e10301930439737afa"}
,"/home/ally/Desktop/mybrand/learn-express/src/controllers/blog.controller.js": {"path":"/home/ally/Desktop/mybrand/learn-express/src/controllers/blog.controller.js","statementMap":{"0":{"start":{"line":6,"column":19},"end":{"line":13,"column":1}},"1":{"start":{"line":7,"column":2},"end":{"line":12,"column":3}},"2":{"start":{"line":8,"column":21},"end":{"line":8,"column":57}},"3":{"start":{"line":9,"column":4},"end":{"line":9,"column":53}},"4":{"start":{"line":11,"column":4},"end":{"line":11,"column":58}},"5":{"start":{"line":16,"column":17},"end":{"line":32,"column":1}},"6":{"start":{"line":17,"column":2},"end":{"line":31,"column":3}},"7":{"start":{"line":18,"column":19},"end":{"line":18,"column":66}},"8":{"start":{"line":20,"column":17},"end":{"line":24,"column":6}},"9":{"start":{"line":25,"column":4},"end":{"line":25,"column":22}},"10":{"start":{"line":27,"column":4},"end":{"line":27,"column":41}},"11":{"start":{"line":29,"column":4},"end":{"line":29,"column":51}},"12":{"start":{"line":30,"column":4},"end":{"line":30,"column":31}},"13":{"start":{"line":34,"column":22},"end":{"line":41,"column":1}},"14":{"start":{"line":35,"column":2},"end":{"line":40,"column":3}},"15":{"start":{"line":36,"column":17},"end":{"line":36,"column":59}},"16":{"start":{"line":37,"column":4},"end":{"line":37,"column":41}},"17":{"start":{"line":39,"column":4},"end":{"line":39,"column":65}},"18":{"start":{"line":43,"column":19},"end":{"line":71,"column":1}},"19":{"start":{"line":45,"column":2},"end":{"line":70,"column":3}},"20":{"start":{"line":46,"column":17},"end":{"line":46,"column":59}},"21":{"start":{"line":48,"column":4},"end":{"line":50,"column":5}},"22":{"start":{"line":49,"column":6},"end":{"line":49,"column":42}},"23":{"start":{"line":52,"column":4},"end":{"line":54,"column":5}},"24":{"start":{"line":53,"column":6},"end":{"line":53,"column":46}},"25":{"start":{"line":56,"column":4},"end":{"line":63,"column":5}},"26":{"start":{"line":57,"column":6},"end":{"line":61,"column":11}},"27":{"start":{"line":60,"column":10},"end":{"line":60,"column":22}},"28":{"start":{"line":62,"column":6},"end":{"line":62,"column":41}},"29":{"start":{"line":65,"column":4},"end":{"line":65,"column":22}},"30":{"start":{"line":66,"column":4},"end":{"line":66,"column":41}},"31":{"start":{"line":68,"column":4},"end":{"line":68,"column":25}},"32":{"start":{"line":69,"column":4},"end":{"line":69,"column":60}},"33":{"start":{"line":73,"column":19},"end":{"line":80,"column":1}},"34":{"start":{"line":74,"column":2},"end":{"line":79,"column":3}},"35":{"start":{"line":75,"column":4},"end":{"line":75,"column":49}},"36":{"start":{"line":76,"column":4},"end":{"line":76,"column":54}},"37":{"start":{"line":78,"column":4},"end":{"line":78,"column":61}}},"fnMap":{"0":{"name":"(anonymous_0)","decl":{"start":{"line":6,"column":19},"end":{"line":6,"column":20}},"loc":{"start":{"line":6,"column":39},"end":{"line":13,"column":1}},"line":6},"1":{"name":"(anonymous_1)","decl":{"start":{"line":16,"column":17},"end":{"line":16,"column":18}},"loc":{"start":{"line":16,"column":37},"end":{"line":32,"column":1}},"line":16},"2":{"name":"(anonymous_2)","decl":{"start":{"line":34,"column":22},"end":{"line":34,"column":23}},"loc":{"start":{"line":34,"column":42},"end":{"line":41,"column":1}},"line":34},"3":{"name":"(anonymous_3)","decl":{"start":{"line":43,"column":19},"end":{"line":43,"column":20}},"loc":{"start":{"line":43,"column":39},"end":{"line":71,"column":1}},"line":43},"4":{"name":"(anonymous_4)","decl":{"start":{"line":59,"column":15},"end":{"line":59,"column":16}},"loc":{"start":{"line":59,"column":26},"end":{"line":61,"column":9}},"line":59},"5":{"name":"(anonymous_5)","decl":{"start":{"line":73,"column":19},"end":{"line":73,"column":20}},"loc":{"start":{"line":73,"column":39},"end":{"line":80,"column":1}},"line":73}},"branchMap":{"0":{"loc":{"start":{"line":48,"column":4},"end":{"line":50,"column":5}},"type":"if","locations":[{"start":{"line":48,"column":4},"end":{"line":50,"column":5}},{"start":{},"end":{}}],"line":48},"1":{"loc":{"start":{"line":52,"column":4},"end":{"line":54,"column":5}},"type":"if","locations":[{"start":{"line":52,"column":4},"end":{"line":54,"column":5}},{"start":{},"end":{}}],"line":52},"2":{"loc":{"start":{"line":56,"column":4},"end":{"line":63,"column":5}},"type":"if","locations":[{"start":{"line":56,"column":4},"end":{"line":63,"column":5}},{"start":{},"end":{}}],"line":56}},"s":{"0":4,"1":1,"2":1,"3":1,"4":0,"5":4,"6":1,"7":1,"8":0,"9":0,"10":0,"11":1,"12":1,"13":4,"14":2,"15":2,"16":1,"17":1,"18":4,"19":0,"20":0,"21":0,"22":0,"23":0,"24":0,"25":0,"26":0,"27":0,"28":0,"29":0,"30":0,"31":0,"32":0,"33":4,"34":2,"35":2,"36":1,"37":1},"f":{"0":1,"1":1,"2":2,"3":0,"4":0,"5":2},"b":{"0":[0,0],"1":[0,0],"2":[0,0]},"_coverageSchema":"1a1c01bbd47fc00a2c39e90264f33305004495a9","hash":"042f75e7505297eb316c67363206150ab0be6521"}
,"/home/ally/Desktop/mybrand/learn-express/src/controllers/comment.controller.js": {"path":"/home/ally/Desktop/mybrand/learn-express/src/controllers/comment.controller.js","statementMap":{"0":{"start":{"line":5,"column":21},"end":{"line":23,"column":1}},"1":{"start":{"line":6,"column":2},"end":{"line":22,"column":3}},"2":{"start":{"line":7,"column":17},"end":{"line":7,"column":59}},"3":{"start":{"line":8,"column":4},"end":{"line":9,"column":80}},"4":{"start":{"line":9,"column":6},"end":{"line":9,"column":80}},"5":{"start":{"line":11,"column":20},"end":{"line":15,"column":6}},"6":{"start":{"line":17,"column":4},"end":{"line":17,"column":25}},"7":{"start":{"line":19,"column":4},"end":{"line":19,"column":54}},"8":{"start":{"line":21,"column":4},"end":{"line":21,"column":53}},"9":{"start":{"line":25,"column":27},"end":{"line":39,"column":1}},"10":{"start":{"line":26,"column":2},"end":{"line":38,"column":3}},"11":{"start":{"line":27,"column":20},"end":{"line":29,"column":34}},"12":{"start":{"line":30,"column":4},"end":{"line":33,"column":68}},"13":{"start":{"line":31,"column":6},"end":{"line":33,"column":68}},"14":{"start":{"line":35,"column":4},"end":{"line":35,"column":54}},"15":{"start":{"line":37,"column":4},"end":{"line":37,"column":64}}},"fnMap":{"0":{"name":"(anonymous_0)","decl":{"start":{"line":5,"column":21},"end":{"line":5,"column":22}},"loc":{"start":{"line":5,"column":41},"end":{"line":23,"column":1}},"line":5},"1":{"name":"(anonymous_1)","decl":{"start":{"line":25,"column":27},"end":{"line":25,"column":28}},"loc":{"start":{"line":25,"column":47},"end":{"line":39,"column":1}},"line":25}},"branchMap":{"0":{"loc":{"start":{"line":8,"column":4},"end":{"line":9,"column":80}},"type":"if","locations":[{"start":{"line":8,"column":4},"end":{"line":9,"column":80}},{"start":{},"end":{}}],"line":8},"1":{"loc":{"start":{"line":30,"column":4},"end":{"line":33,"column":68}},"type":"if","locations":[{"start":{"line":30,"column":4},"end":{"line":33,"column":68}},{"start":{},"end":{}}],"line":30}},"s":{"0":4,"1":3,"2":3,"3":2,"4":0,"5":2,"6":2,"7":1,"8":2,"9":4,"10":0,"11":0,"12":0,"13":0,"14":0,"15":0},"f":{"0":3,"1":0},"b":{"0":[0,2],"1":[0,0]},"_coverageSchema":"1a1c01bbd47fc00a2c39e90264f33305004495a9","hash":"91f70049040cec460419a411b47f1aed2d8ddd54"}
,"/home/ally/Desktop/mybrand/learn-express/src/controllers/contact.controller.js": {"path":"/home/ally/Desktop/mybrand/learn-express/src/controllers/contact.controller.js","statementMap":{"0":{"start":{"line":4,"column":29},"end":{"line":11,"column":1}},"1":{"start":{"line":5,"column":2},"end":{"line":10,"column":3}},"2":{"start":{"line":6,"column":22},"end":{"line":6,"column":42}},"3":{"start":{"line":7,"column":4},"end":{"line":7,"column":56}},"4":{"start":{"line":9,"column":4},"end":{"line":9,"column":58}},"5":{"start":{"line":13,"column":27},"end":{"line":25,"column":1}},"6":{"start":{"line":14,"column":2},"end":{"line":24,"column":3}},"7":{"start":{"line":15,"column":18},"end":{"line":19,"column":6}},"8":{"start":{"line":20,"column":4},"end":{"line":20,"column":23}},"9":{"start":{"line":21,"column":4},"end":{"line":21,"column":45}},"10":{"start":{"line":23,"column":4},"end":{"line":23,"column":53}}},"fnMap":{"0":{"name":"(anonymous_0)","decl":{"start":{"line":4,"column":29},"end":{"line":4,"column":30}},"loc":{"start":{"line":4,"column":49},"end":{"line":11,"column":1}},"line":4},"1":{"name":"(anonymous_1)","decl":{"start":{"line":13,"column":27},"end":{"line":13,"column":28}},"loc":{"start":{"line":13,"column":47},"end":{"line":25,"column":1}},"line":13}},"branchMap":{},"s":{"0":4,"1":2,"2":2,"3":1,"4":1,"5":4,"6":2,"7":2,"8":2,"9":1,"10":1},"f":{"0":2,"1":2},"b":{},"_coverageSchema":"1a1c01bbd47fc00a2c39e90264f33305004495a9","hash":"5efb318f1c46d82df85039b9f36be97de6d6933e"}
,"/home/ally/Desktop/mybrand/learn-express/src/controllers/like.controller.js": {"path":"/home/ally/Desktop/mybrand/learn-express/src/controllers/like.controller.js","statementMap":{"0":{"start":{"line":9,"column":17},"end":{"line":27,"column":1}},"1":{"start":{"line":10,"column":19},"end":{"line":10,"column":25}},"2":{"start":{"line":11,"column":15},"end":{"line":11,"column":57}},"3":{"start":{"line":13,"column":2},"end":{"line":17,"column":3}},"4":{"start":{"line":14,"column":4},"end":{"line":16,"column":62}},"5":{"start":{"line":19,"column":2},"end":{"line":22,"column":4}},"6":{"start":{"line":24,"column":22},"end":{"line":24,"column":64}},"7":{"start":{"line":26,"column":2},"end":{"line":26,"column":78}},"8":{"start":{"line":29,"column":20},"end":{"line":42,"column":1}},"9":{"start":{"line":30,"column":2},"end":{"line":41,"column":3}},"10":{"start":{"line":31,"column":17},"end":{"line":33,"column":5}},"11":{"start":{"line":35,"column":4},"end":{"line":36,"column":80}},"12":{"start":{"line":36,"column":6},"end":{"line":36,"column":80}},"13":{"start":{"line":38,"column":4},"end":{"line":38,"column":48}},"14":{"start":{"line":40,"column":4},"end":{"line":40,"column":64}}},"fnMap":{"0":{"name":"(anonymous_0)","decl":{"start":{"line":9,"column":17},"end":{"line":9,"column":18}},"loc":{"start":{"line":9,"column":37},"end":{"line":27,"column":1}},"line":9},"1":{"name":"(anonymous_1)","decl":{"start":{"line":29,"column":20},"end":{"line":29,"column":21}},"loc":{"start":{"line":29,"column":40},"end":{"line":42,"column":1}},"line":29}},"branchMap":{"0":{"loc":{"start":{"line":13,"column":2},"end":{"line":17,"column":3}},"type":"if","locations":[{"start":{"line":13,"column":2},"end":{"line":17,"column":3}},{"start":{},"end":{}}],"line":13},"1":{"loc":{"start":{"line":35,"column":4},"end":{"line":36,"column":80}},"type":"if","locations":[{"start":{"line":35,"column":4},"end":{"line":36,"column":80}},{"start":{},"end":{}}],"line":35}},"s":{"0":4,"1":0,"2":0,"3":0,"4":0,"5":0,"6":0,"7":0,"8":4,"9":0,"10":0,"11":0,"12":0,"13":0,"14":0},"f":{"0":0,"1":0},"b":{"0":[0,0],"1":[0,0]},"_coverageSchema":"1a1c01bbd47fc00a2c39e90264f33305004495a9","hash":"f0d79e8913f8c934f31ef1e59181410e3fe65fe9"}
,"/home/ally/Desktop/mybrand/learn-express/src/data/admin.data.js": {"path":"/home/ally/Desktop/mybrand/learn-express/src/data/admin.data.js","statementMap":{"0":{"start":{"line":1,"column":21},"end":{"line":15,"column":1}}},"fnMap":{},"branchMap":{},"s":{"0":1},"f":{},"b":{},"_coverageSchema":"1a1c01bbd47fc00a2c39e90264f33305004495a9","hash":"ede35e22cce57db1d36d421b6e99b7d45ac49767"}
,"/home/ally/Desktop/mybrand/learn-express/src/data/blog.data.js": {"path":"/home/ally/Desktop/mybrand/learn-express/src/data/blog.data.js","statementMap":{"0":{"start":{"line":1,"column":20},"end":{"line":11,"column":1}}},"fnMap":{},"branchMap":{},"s":{"0":1},"f":{},"b":{},"_coverageSchema":"1a1c01bbd47fc00a2c39e90264f33305004495a9","hash":"434b67bc1ba6a4aa94b3658ff97ccb46c838b3ec"}
,"/home/ally/Desktop/mybrand/learn-express/src/data/comment.data.js": {"path":"/home/ally/Desktop/mybrand/learn-express/src/data/comment.data.js","statementMap":{"0":{"start":{"line":1,"column":23},"end":{"line":10,"column":1}},"1":{"start":{"line":12,"column":22},"end":{"line":15,"column":1}}},"fnMap":{},"branchMap":{},"s":{"0":1,"1":1},"f":{},"b":{},"_coverageSchema":"1a1c01bbd47fc00a2c39e90264f33305004495a9","hash":"98b4c050ea01216160dabb17159db0f3cd34414c"}
,"/home/ally/Desktop/mybrand/learn-express/src/data/contact.data.js": {"path":"/home/ally/Desktop/mybrand/learn-express/src/data/contact.data.js","statementMap":{"0":{"start":{"line":1,"column":23},"end":{"line":14,"column":1}}},"fnMap":{},"branchMap":{},"s":{"0":1},"f":{},"b":{},"_coverageSchema":"1a1c01bbd47fc00a2c39e90264f33305004495a9","hash":"c46acbd0c7b9ab5d0db0bec4fab0f6abaa0da891"}
,"/home/ally/Desktop/mybrand/learn-express/src/middleware/Validate.js": {"path":"/home/ally/Desktop/mybrand/learn-express/src/middleware/Validate.js","statementMap":{"0":{"start":{"line":8,"column":16},"end":{"line":33,"column":1}},"1":{"start":{"line":9,"column":2},"end":{"line":32,"column":4}},"2":{"start":{"line":11,"column":4},"end":{"line":21,"column":5}},"3":{"start":{"line":12,"column":6},"end":{"line":12,"column":32}},"4":{"start":{"line":13,"column":11},"end":{"line":21,"column":5}},"5":{"start":{"line":14,"column":6},"end":{"line":14,"column":35}},"6":{"start":{"line":15,"column":11},"end":{"line":21,"column":5}},"7":{"start":{"line":16,"column":6},"end":{"line":16,"column":33}},"8":{"start":{"line":17,"column":11},"end":{"line":21,"column":5}},"9":{"start":{"line":18,"column":6},"end":{"line":18,"column":35}},"10":{"start":{"line":20,"column":6},"end":{"line":20,"column":74}},"11":{"start":{"line":23,"column":4},"end":{"line":23,"column":62}},"12":{"start":{"line":24,"column":4},"end":{"line":25,"column":73}},"13":{"start":{"line":25,"column":6},"end":{"line":25,"column":73}},"14":{"start":{"line":27,"column":4},"end":{"line":31,"column":5}},"15":{"start":{"line":28,"column":6},"end":{"line":28,"column":13}},"16":{"start":{"line":30,"column":6},"end":{"line":30,"column":64}}},"fnMap":{"0":{"name":"(anonymous_0)","decl":{"start":{"line":8,"column":16},"end":{"line":8,"column":17}},"loc":{"start":{"line":8,"column":36},"end":{"line":33,"column":1}},"line":8},"1":{"name":"(anonymous_1)","decl":{"start":{"line":9,"column":9},"end":{"line":9,"column":10}},"loc":{"start":{"line":9,"column":29},"end":{"line":32,"column":3}},"line":9}},"branchMap":{"0":{"loc":{"start":{"line":11,"column":4},"end":{"line":21,"column":5}},"type":"if","locations":[{"start":{"line":11,"column":4},"end":{"line":21,"column":5}},{"start":{"line":13,"column":11},"end":{"line":21,"column":5}}],"line":11},"1":{"loc":{"start":{"line":13,"column":11},"end":{"line":21,"column":5}},"type":"if","locations":[{"start":{"line":13,"column":11},"end":{"line":21,"column":5}},{"start":{"line":15,"column":11},"end":{"line":21,"column":5}}],"line":13},"2":{"loc":{"start":{"line":15,"column":11},"end":{"line":21,"column":5}},"type":"if","locations":[{"start":{"line":15,"column":11},"end":{"line":21,"column":5}},{"start":{"line":17,"column":11},"end":{"line":21,"column":5}}],"line":15},"3":{"loc":{"start":{"line":17,"column":11},"end":{"line":21,"column":5}},"type":"if","locations":[{"start":{"line":17,"column":11},"end":{"line":21,"column":5}},{"start":{"line":19,"column":11},"end":{"line":21,"column":5}}],"line":17},"4":{"loc":{"start":{"line":24,"column":4},"end":{"line":25,"column":73}},"type":"if","locations":[{"start":{"line":24,"column":4},"end":{"line":25,"column":73}},{"start":{},"end":{}}],"line":24}},"s":{"0":4,"1":20,"2":11,"3":1,"4":10,"5":3,"6":7,"7":3,"8":4,"9":4,"10":0,"11":11,"12":11,"13":2,"14":9,"15":9,"16":0},"f":{"0":20,"1":11},"b":{"0":[1,10],"1":[3,7],"2":[3,4],"3":[4,0],"4":[2,9]},"_coverageSchema":"1a1c01bbd47fc00a2c39e90264f33305004495a9","hash":"e339b3eafedd5892b61bed13fae8b178c800b639"}
,"/home/ally/Desktop/mybrand/learn-express/src/middleware/auth.js": {"path":"/home/ally/Desktop/mybrand/learn-express/src/middleware/auth.js","statementMap":{"0":{"start":{"line":4,"column":0},"end":{"line":4,"column":16}},"1":{"start":{"line":6,"column":22},"end":{"line":8,"column":1}},"2":{"start":{"line":7,"column":2},"end":{"line":7,"column":58}}},"fnMap":{"0":{"name":"(anonymous_0)","decl":{"start":{"line":6,"column":22},"end":{"line":6,"column":23}},"loc":{"start":{"line":6,"column":36},"end":{"line":8,"column":1}},"line":6}},"branchMap":{},"s":{"0":4,"1":4,"2":16},"f":{"0":16},"b":{},"_coverageSchema":"1a1c01bbd47fc00a2c39e90264f33305004495a9","hash":"1c1f261ff7fd748c1f2e988278b02a28a94971c6"}
,"/home/ally/Desktop/mybrand/learn-express/src/models/Admin.js": {"path":"/home/ally/Desktop/mybrand/learn-express/src/models/Admin.js","statementMap":{"0":{"start":{"line":3,"column":15},"end":{"line":3,"column":30}},"1":{"start":{"line":5,"column":20},"end":{"line":10,"column":2}},"2":{"start":{"line":12,"column":14},"end":{"line":12,"column":50}}},"fnMap":{},"branchMap":{},"s":{"0":4,"1":4,"2":4},"f":{},"b":{},"_coverageSchema":"1a1c01bbd47fc00a2c39e90264f33305004495a9","hash":"fe81231fef778214255600b7204eb255b7851bf9"}
,"/home/ally/Desktop/mybrand/learn-express/src/models/Blog.js": {"path":"/home/ally/Desktop/mybrand/learn-express/src/models/Blog.js","statementMap":{"0":{"start":{"line":3,"column":15},"end":{"line":3,"column":30}},"1":{"start":{"line":5,"column":19},"end":{"line":11,"column":2}},"2":{"start":{"line":13,"column":13},"end":{"line":13,"column":47}}},"fnMap":{},"branchMap":{},"s":{"0":4,"1":4,"2":4},"f":{},"b":{},"_coverageSchema":"1a1c01bbd47fc00a2c39e90264f33305004495a9","hash":"de3de3d1143bb10360d3862922936ba47c8d4d76"}
,"/home/ally/Desktop/mybrand/learn-express/src/models/Comment.js": {"path":"/home/ally/Desktop/mybrand/learn-express/src/models/Comment.js","statementMap":{"0":{"start":{"line":3,"column":22},"end":{"line":16,"column":2}},"1":{"start":{"line":17,"column":16},"end":{"line":17,"column":56}}},"fnMap":{},"branchMap":{},"s":{"0":4,"1":4},"f":{},"b":{},"_coverageSchema":"1a1c01bbd47fc00a2c39e90264f33305004495a9","hash":"c7dc1a677070faa9daf7a3af36d718bd86911b1b"}
,"/home/ally/Desktop/mybrand/learn-express/src/models/Queries.js": {"path":"/home/ally/Desktop/mybrand/learn-express/src/models/Queries.js","statementMap":{"0":{"start":{"line":3,"column":15},"end":{"line":3,"column":30}},"1":{"start":{"line":5,"column":20},"end":{"line":18,"column":2}},"2":{"start":{"line":20,"column":16},"end":{"line":20,"column":53}}},"fnMap":{},"branchMap":{},"s":{"0":4,"1":4,"2":4},"f":{},"b":{},"_coverageSchema":"1a1c01bbd47fc00a2c39e90264f33305004495a9","hash":"5f698bcfc37212fcf13f5ce8247880c0c2829bf9"}
,"/home/ally/Desktop/mybrand/learn-express/src/routes/admin.router.js": {"path":"/home/ally/Desktop/mybrand/learn-express/src/routes/admin.router.js","statementMap":{"0":{"start":{"line":6,"column":15},"end":{"line":6,"column":24}},"1":{"start":{"line":8,"column":0},"end":{"line":8,"column":36}},"2":{"start":{"line":9,"column":0},"end":{"line":9,"column":52}}},"fnMap":{},"branchMap":{},"s":{"0":4,"1":4,"2":4},"f":{},"b":{},"_coverageSchema":"1a1c01bbd47fc00a2c39e90264f33305004495a9","hash":"b6ff5653d0cf629e012803981525b9501b0e4a06"}
,"/home/ally/Desktop/mybrand/learn-express/src/routes/api.js": {"path":"/home/ally/Desktop/mybrand/learn-express/src/routes/api.js","statementMap":{"0":{"start":{"line":9,"column":18},"end":{"line":9,"column":26}},"1":{"start":{"line":11,"column":0},"end":{"line":11,"column":36}},"2":{"start":{"line":12,"column":0},"end":{"line":12,"column":39}},"3":{"start":{"line":13,"column":0},"end":{"line":13,"column":36}},"4":{"start":{"line":14,"column":0},"end":{"line":14,"column":39}},"5":{"start":{"line":15,"column":0},"end":{"line":15,"column":37}}},"fnMap":{},"branchMap":{},"s":{"0":4,"1":4,"2":4,"3":4,"4":4,"5":4},"f":{},"b":{},"_coverageSchema":"1a1c01bbd47fc00a2c39e90264f33305004495a9","hash":"6bc5dbd5696e26a7ca3765ab2c775c3121cee73a"}
,"/home/ally/Desktop/mybrand/learn-express/src/routes/blog.router.js": {"path":"/home/ally/Desktop/mybrand/learn-express/src/routes/blog.router.js","statementMap":{"0":{"start":{"line":16,"column":15},"end":{"line":16,"column":24}},"1":{"start":{"line":18,"column":0},"end":{"line":18,"column":28}},"2":{"start":{"line":19,"column":0},"end":{"line":25,"column":2}},"3":{"start":{"line":26,"column":0},"end":{"line":26,"column":34}},"4":{"start":{"line":27,"column":0},"end":{"line":33,"column":2}},"5":{"start":{"line":34,"column":0},"end":{"line":34,"column":52}}},"fnMap":{},"branchMap":{},"s":{"0":4,"1":4,"2":4,"3":4,"4":4,"5":4},"f":{},"b":{},"_coverageSchema":"1a1c01bbd47fc00a2c39e90264f33305004495a9","hash":"43bcb11c200e43c03d60a6682971a04125dcb561"}
,"/home/ally/Desktop/mybrand/learn-express/src/routes/comment.router.js": {"path":"/home/ally/Desktop/mybrand/learn-express/src/routes/comment.router.js","statementMap":{"0":{"start":{"line":9,"column":15},"end":{"line":9,"column":24}},"1":{"start":{"line":11,"column":0},"end":{"line":11,"column":63}},"2":{"start":{"line":12,"column":0},"end":{"line":12,"column":48}}},"fnMap":{},"branchMap":{},"s":{"0":4,"1":4,"2":4},"f":{},"b":{},"_coverageSchema":"1a1c01bbd47fc00a2c39e90264f33305004495a9","hash":"adc0dc91dc2521a8c90b31dd0e21f6aacd41860e"}
,"/home/ally/Desktop/mybrand/learn-express/src/routes/contact.router.js": {"path":"/home/ally/Desktop/mybrand/learn-express/src/routes/contact.router.js","statementMap":{"0":{"start":{"line":12,"column":15},"end":{"line":12,"column":24}},"1":{"start":{"line":14,"column":0},"end":{"line":14,"column":56}},"2":{"start":{"line":15,"column":0},"end":{"line":15,"column":57}}},"fnMap":{},"branchMap":{},"s":{"0":4,"1":4,"2":4},"f":{},"b":{},"_coverageSchema":"1a1c01bbd47fc00a2c39e90264f33305004495a9","hash":"ae3230470853341e251e313aa038bab539daa3bc"}
,"/home/ally/Desktop/mybrand/learn-express/src/routes/likes.router.js": {"path":"/home/ally/Desktop/mybrand/learn-express/src/routes/likes.router.js","statementMap":{"0":{"start":{"line":6,"column":0},"end":{"line":6,"column":36}},"1":{"start":{"line":7,"column":0},"end":{"line":7,"column":38}}},"fnMap":{},"branchMap":{},"s":{"0":4,"1":4},"f":{},"b":{},"_coverageSchema":"1a1c01bbd47fc00a2c39e90264f33305004495a9","hash":"a6c2644322cb6a58390983422543100a75ed6b2c"}
,"/home/ally/Desktop/mybrand/learn-express/src/services/cloudinary.js": {"path":"/home/ally/Desktop/mybrand/learn-express/src/services/cloudinary.js","statementMap":{"0":{"start":{"line":3,"column":0},"end":{"line":7,"column":3}}},"fnMap":{},"branchMap":{},"s":{"0":4},"f":{},"b":{},"_coverageSchema":"1a1c01bbd47fc00a2c39e90264f33305004495a9","hash":"aa2364b4909fa732757e8a6ffa0e11d1f1a3648a"}
,"/home/ally/Desktop/mybrand/learn-express/src/services/mongo.js": {"path":"/home/ally/Desktop/mybrand/learn-express/src/services/mongo.js","statementMap":{"0":{"start":{"line":4,"column":0},"end":{"line":4,"column":16}},"1":{"start":{"line":6,"column":15},"end":{"line":6,"column":33}},"2":{"start":{"line":8,"column":0},"end":{"line":10,"column":3}},"3":{"start":{"line":9,"column":2},"end":{"line":9,"column":36}},"4":{"start":{"line":12,"column":0},"end":{"line":14,"column":3}},"5":{"start":{"line":16,"column":18},"end":{"line":18,"column":1}},"6":{"start":{"line":17,"column":2},"end":{"line":17,"column":59}},"7":{"start":{"line":20,"column":21},"end":{"line":22,"column":1}},"8":{"start":{"line":21,"column":2},"end":{"line":21,"column":30}}},"fnMap":{"0":{"name":"(anonymous_0)","decl":{"start":{"line":8,"column":33},"end":{"line":8,"column":34}},"loc":{"start":{"line":8,"column":39},"end":{"line":10,"column":1}},"line":8},"1":{"name":"(anonymous_1)","decl":{"start":{"line":12,"column":31},"end":{"line":12,"column":32}},"loc":{"start":{"line":12,"column":37},"end":{"line":14,"column":1}},"line":12},"2":{"name":"(anonymous_2)","decl":{"start":{"line":16,"column":18},"end":{"line":16,"column":19}},"loc":{"start":{"line":16,"column":30},"end":{"line":18,"column":1}},"line":16},"3":{"name":"(anonymous_3)","decl":{"start":{"line":20,"column":21},"end":{"line":20,"column":22}},"loc":{"start":{"line":20,"column":33},"end":{"line":22,"column":1}},"line":20}},"branchMap":{},"s":{"0":4,"1":4,"2":4,"3":4,"4":4,"5":4,"6":4,"7":4,"8":4},"f":{"0":4,"1":4,"2":4,"3":4},"b":{},"_coverageSchema":"1a1c01bbd47fc00a2c39e90264f33305004495a9","hash":"c953017bea636ef0f2f486dff4a013f6649e90ea"}
,"/home/ally/Desktop/mybrand/learn-express/src/services/multer.js": {"path":"/home/ally/Desktop/mybrand/learn-express/src/services/multer.js","statementMap":{"0":{"start":{"line":7,"column":14},"end":{"line":7,"column":45}},"1":{"start":{"line":8,"column":4},"end":{"line":11,"column":5}},"2":{"start":{"line":9,"column":6},"end":{"line":9,"column":53}},"3":{"start":{"line":10,"column":6},"end":{"line":10,"column":13}},"4":{"start":{"line":12,"column":4},"end":{"line":12,"column":19}}},"fnMap":{"0":{"name":"(anonymous_0)","decl":{"start":{"line":6,"column":14},"end":{"line":6,"column":15}},"loc":{"start":{"line":6,"column":33},"end":{"line":13,"column":3}},"line":6}},"branchMap":{"0":{"loc":{"start":{"line":8,"column":4},"end":{"line":11,"column":5}},"type":"if","locations":[{"start":{"line":8,"column":4},"end":{"line":11,"column":5}},{"start":{},"end":{}}],"line":8},"1":{"loc":{"start":{"line":8,"column":8},"end":{"line":8,"column":59}},"type":"binary-expr","locations":[{"start":{"line":8,"column":8},"end":{"line":8,"column":22}},{"start":{"line":8,"column":26},"end":{"line":8,"column":41}},{"start":{"line":8,"column":45},"end":{"line":8,"column":59}}],"line":8}},"s":{"0":0,"1":0,"2":0,"3":0,"4":0},"f":{"0":0},"b":{"0":[0,0],"1":[0,0,0]},"_coverageSchema":"1a1c01bbd47fc00a2c39e90264f33305004495a9","hash":"b22b15571cd06aed118eee5307c525fcf05a462c"}
,"/home/ally/Desktop/mybrand/learn-express/src/services/passport.js": {"path":"/home/ally/Desktop/mybrand/learn-express/src/services/passport.js","statementMap":{"0":{"start":{"line":3,"column":0},"end":{"line":3,"column":16}},"1":{"start":{"line":4,"column":29},"end":{"line":12,"column":1}},"2":{"start":{"line":5,"column":20},"end":{"line":5,"column":24}},"3":{"start":{"line":6,"column":18},"end":{"line":10,"column":3}},"4":{"start":{"line":11,"column":2},"end":{"line":11,"column":79}}},"fnMap":{"0":{"name":"(anonymous_0)","decl":{"start":{"line":4,"column":29},"end":{"line":4,"column":30}},"loc":{"start":{"line":4,"column":40},"end":{"line":12,"column":1}},"line":4}},"branchMap":{},"s":{"0":4,"1":4,"2":3,"3":3,"4":3},"f":{"0":3},"b":{},"_coverageSchema":"1a1c01bbd47fc00a2c39e90264f33305004495a9","hash":"daee54af73fa403cec4f833aa6986e9c087ba85f"}
,"/home/ally/Desktop/mybrand/learn-express/src/validations/blog.js": {"path":"/home/ally/Desktop/mybrand/learn-express/src/validations/blog.js","statementMap":{"0":{"start":{"line":3,"column":19},"end":{"line":6,"column":2}},"1":{"start":{"line":8,"column":21},"end":{"line":10,"column":1}},"2":{"start":{"line":9,"column":2},"end":{"line":9,"column":62}}},"fnMap":{"0":{"name":"(anonymous_0)","decl":{"start":{"line":8,"column":21},"end":{"line":8,"column":22}},"loc":{"start":{"line":8,"column":35},"end":{"line":10,"column":1}},"line":8}},"branchMap":{},"s":{"0":4,"1":4,"2":1},"f":{"0":1},"b":{},"_coverageSchema":"1a1c01bbd47fc00a2c39e90264f33305004495a9","hash":"84885a9f328378439cb52556cb3c15f15652c1a5"}
,"/home/ally/Desktop/mybrand/learn-express/src/validations/comment.js": {"path":"/home/ally/Desktop/mybrand/learn-express/src/validations/comment.js","statementMap":{"0":{"start":{"line":3,"column":22},"end":{"line":6,"column":2}},"1":{"start":{"line":8,"column":24},"end":{"line":10,"column":1}},"2":{"start":{"line":9,"column":2},"end":{"line":9,"column":65}}},"fnMap":{"0":{"name":"(anonymous_0)","decl":{"start":{"line":8,"column":24},"end":{"line":8,"column":25}},"loc":{"start":{"line":8,"column":38},"end":{"line":10,"column":1}},"line":8}},"branchMap":{},"s":{"0":4,"1":4,"2":4},"f":{"0":4},"b":{},"_coverageSchema":"1a1c01bbd47fc00a2c39e90264f33305004495a9","hash":"a4408059c26e1dd8c33a6d004f7ae67fc83d8c39"}
,"/home/ally/Desktop/mybrand/learn-express/src/validations/login.js": {"path":"/home/ally/Desktop/mybrand/learn-express/src/validations/login.js","statementMap":{"0":{"start":{"line":3,"column":20},"end":{"line":6,"column":2}},"1":{"start":{"line":8,"column":22},"end":{"line":10,"column":1}},"2":{"start":{"line":9,"column":2},"end":{"line":9,"column":63}}},"fnMap":{"0":{"name":"(anonymous_0)","decl":{"start":{"line":8,"column":22},"end":{"line":8,"column":23}},"loc":{"start":{"line":8,"column":36},"end":{"line":10,"column":1}},"line":8}},"branchMap":{},"s":{"0":4,"1":4,"2":3},"f":{"0":3},"b":{},"_coverageSchema":"1a1c01bbd47fc00a2c39e90264f33305004495a9","hash":"c63832876e5461978c58a6f4f4aea0f0e2f7f2b5"}
,"/home/ally/Desktop/mybrand/learn-express/src/validations/message.js": {"path":"/home/ally/Desktop/mybrand/learn-express/src/validations/message.js","statementMap":{"0":{"start":{"line":3,"column":22},"end":{"line":7,"column":2}},"1":{"start":{"line":9,"column":24},"end":{"line":11,"column":1}},"2":{"start":{"line":10,"column":2},"end":{"line":10,"column":65}}},"fnMap":{"0":{"name":"(anonymous_0)","decl":{"start":{"line":9,"column":24},"end":{"line":9,"column":25}},"loc":{"start":{"line":9,"column":38},"end":{"line":11,"column":1}},"line":9}},"branchMap":{},"s":{"0":4,"1":4,"2":3},"f":{"0":3},"b":{},"_coverageSchema":"1a1c01bbd47fc00a2c39e90264f33305004495a9","hash":"34d8d7a6e40229f3f215e3284c0827f4b9e8b0f5"}
}
