TN:
SF:src/app.js
FN:16,(anonymous_0)
FNF:1
FNH:0
FNDA:0,(anonymous_0)
DA:7,2
DA:8,2
DA:11,2
DA:12,2
DA:13,2
DA:14,2
DA:16,2
DA:17,0
LF:8
LH:7
BRF:0
BRH:0
end_of_record
TN:
SF:src/config/passport.js
FN:10,(anonymous_0)
FNF:1
FNH:1
FNDA:4,(anonymous_0)
DA:2,2
DA:5,2
DA:10,2
DA:11,4
LF:4
LH:4
BRF:0
BRH:0
end_of_record
TN:
SF:src/controllers/admin.controller.js
FN:10,(anonymous_0)
FN:34,(anonymous_1)
FNF:2
FNH:0
FNDA:0,(anonymous_0)
FNDA:0,(anonymous_1)
DA:7,2
DA:10,2
DA:11,0
DA:12,0
DA:14,0
DA:15,0
DA:18,0
DA:19,0
DA:21,0
DA:27,0
DA:28,0
DA:30,0
DA:34,2
DA:35,0
DA:36,0
DA:37,0
DA:39,0
DA:40,0
DA:42,0
DA:43,0
DA:49,0
DA:52,0
LF:22
LH:3
BRDA:14,0,0,0
BRDA:14,0,1,0
BRDA:36,1,0,0
BRDA:36,1,1,0
BRDA:42,2,0,0
BRDA:42,2,1,0
BRF:6
BRH:0
end_of_record
TN:
SF:src/controllers/blog.controller.js
FN:6,(anonymous_0)
FN:16,(anonymous_1)
FN:34,(anonymous_2)
FN:43,(anonymous_3)
FN:59,(anonymous_4)
FN:73,(anonymous_5)
FNF:6
FNH:4
FNDA:1,(anonymous_0)
FNDA:1,(anonymous_1)
FNDA:2,(anonymous_2)
FNDA:0,(anonymous_3)
FNDA:0,(anonymous_4)
FNDA:2,(anonymous_5)
DA:6,2
DA:7,1
DA:8,1
DA:9,1
DA:11,0
DA:16,2
DA:17,1
DA:18,1
DA:20,0
DA:25,0
DA:27,0
DA:29,1
DA:30,1
DA:34,2
DA:35,2
DA:36,2
DA:37,1
DA:39,1
DA:43,2
DA:45,0
DA:46,0
DA:48,0
DA:49,0
DA:52,0
DA:53,0
DA:56,0
DA:57,0
DA:60,0
DA:62,0
DA:65,0
DA:66,0
DA:68,0
DA:69,0
DA:73,2
DA:74,2
DA:75,2
DA:76,1
DA:78,1
LF:38
LH:20
BRDA:48,0,0,0
BRDA:48,0,1,0
BRDA:52,1,0,0
BRDA:52,1,1,0
BRDA:56,2,0,0
BRDA:56,2,1,0
BRF:6
BRH:0
end_of_record
TN:
SF:src/controllers/comment.controller.js
FN:5,(anonymous_0)
FN:26,(anonymous_1)
FNF:2
FNH:0
FNDA:0,(anonymous_0)
FNDA:0,(anonymous_1)
DA:5,2
DA:6,0
DA:7,0
DA:8,0
DA:9,0
DA:10,0
DA:12,0
DA:18,0
DA:20,0
DA:22,0
DA:26,2
DA:27,0
DA:28,0
DA:32,0
DA:33,0
DA:37,0
DA:39,0
LF:17
LH:2
BRDA:9,0,0,0
BRDA:9,0,1,0
BRDA:32,1,0,0
BRDA:32,1,1,0
BRF:4
BRH:0
end_of_record
TN:
SF:src/controllers/contact.controller.js
FN:4,(anonymous_0)
FN:14,(anonymous_1)
FNF:2
FNH:2
FNDA:1,(anonymous_0)
FNDA:1,(anonymous_1)
DA:4,2
DA:5,1
DA:6,1
DA:7,1
DA:9,0
DA:10,0
DA:14,2
DA:15,1
DA:16,1
DA:21,1
DA:22,1
DA:24,0
DA:25,0
LF:13
LH:9
BRF:0
BRH:0
end_of_record
TN:
SF:src/controllers/like.controller.js
FN:9,(anonymous_0)
FN:29,(anonymous_1)
FNF:2
FNH:0
FNDA:0,(anonymous_0)
FNDA:0,(anonymous_1)
DA:9,2
DA:10,0
DA:11,0
DA:13,0
DA:14,0
DA:19,0
DA:24,0
DA:26,0
DA:29,2
DA:30,0
DA:31,0
DA:35,0
DA:36,0
DA:38,0
DA:40,0
LF:15
LH:2
BRDA:13,0,0,0
BRDA:13,0,1,0
BRDA:35,1,0,0
BRDA:35,1,1,0
BRF:4
BRH:0
end_of_record
TN:
SF:src/data/blog.data.js
FNF:0
FNH:0
DA:1,1
LF:1
LH:1
BRF:0
BRH:0
end_of_record
TN:
SF:src/data/contact.data.js
FNF:0
FNH:0
DA:1,1
LF:1
LH:1
BRF:0
BRH:0
end_of_record
TN:
SF:src/middleware/Validate.js
FN:8,(anonymous_0)
FN:9,(anonymous_1)
FNF:2
FNH:2
FNDA:10,(anonymous_0)
FNDA:3,(anonymous_1)
DA:8,2
DA:9,10
DA:11,3
DA:12,1
DA:13,2
DA:14,2
DA:15,0
DA:16,0
DA:17,0
DA:18,0
DA:20,0
DA:23,3
DA:24,3
DA:25,1
DA:27,2
DA:28,2
DA:30,0
LF:17
LH:11
BRDA:11,0,0,1
BRDA:11,0,1,2
BRDA:13,1,0,2
BRDA:13,1,1,0
BRDA:15,2,0,0
BRDA:15,2,1,0
BRDA:17,3,0,0
BRDA:17,3,1,0
BRDA:24,4,0,1
BRDA:24,4,1,2
BRF:10
BRH:5
end_of_record
TN:
SF:src/middleware/auth.js
FN:6,(anonymous_0)
FNF:1
FNH:1
FNDA:8,(anonymous_0)
DA:4,2
DA:6,2
DA:7,8
LF:3
LH:3
BRF:0
BRH:0
end_of_record
TN:
SF:src/models/Admin.js
FNF:0
FNH:0
DA:3,2
DA:5,2
DA:12,2
LF:3
LH:3
BRF:0
BRH:0
end_of_record
TN:
SF:src/models/Blog.js
FNF:0
FNH:0
DA:3,2
DA:5,2
DA:13,2
LF:3
LH:3
BRF:0
BRH:0
end_of_record
TN:
SF:src/models/Comment.js
FNF:0
FNH:0
DA:3,2
DA:17,2
LF:2
LH:2
BRF:0
BRH:0
end_of_record
TN:
SF:src/models/Queries.js
FNF:0
FNH:0
DA:3,2
DA:5,2
DA:20,2
LF:3
LH:3
BRF:0
BRH:0
end_of_record
TN:
SF:src/routes/admin.router.js
FNF:0
FNH:0
DA:6,2
DA:8,2
DA:9,2
LF:3
LH:3
BRF:0
BRH:0
end_of_record
TN:
SF:src/routes/api.js
FNF:0
FNH:0
DA:9,2
DA:11,2
DA:12,2
DA:13,2
DA:14,2
DA:15,2
LF:6
LH:6
BRF:0
BRH:0
end_of_record
TN:
SF:src/routes/blog.router.js
FNF:0
FNH:0
DA:16,2
DA:18,2
DA:19,2
DA:26,2
DA:27,2
DA:34,2
LF:6
LH:6
BRF:0
BRH:0
end_of_record
TN:
SF:src/routes/comment.router.js
FNF:0
FNH:0
DA:9,2
DA:11,2
DA:12,2
LF:3
LH:3
BRF:0
BRH:0
end_of_record
TN:
SF:src/routes/contact.router.js
FNF:0
FNH:0
DA:12,2
DA:14,2
DA:15,2
LF:3
LH:3
BRF:0
BRH:0
end_of_record
TN:
SF:src/routes/likes.router.js
FNF:0
FNH:0
DA:6,2
DA:7,2
LF:2
LH:2
BRF:0
BRH:0
end_of_record
TN:
SF:src/services/cloudinary.js
FNF:0
FNH:0
DA:3,2
LF:1
LH:1
BRF:0
BRH:0
end_of_record
TN:
SF:src/services/mongo.js
FN:8,(anonymous_0)
FN:12,(anonymous_1)
FN:16,(anonymous_2)
FN:20,(anonymous_3)
FNF:4
FNH:4
FNDA:2,(anonymous_0)
FNDA:2,(anonymous_1)
FNDA:2,(anonymous_2)
FNDA:2,(anonymous_3)
DA:4,2
DA:6,2
DA:8,2
DA:9,2
DA:12,2
DA:16,2
DA:17,2
DA:20,2
DA:21,2
LF:9
LH:9
BRF:0
BRH:0
end_of_record
TN:
SF:src/services/multer.js
FN:6,(anonymous_0)
FNF:1
FNH:0
FNDA:0,(anonymous_0)
DA:7,0
DA:8,0
DA:9,0
DA:10,0
DA:12,0
LF:5
LH:0
BRDA:8,0,0,0
BRDA:8,0,1,0
BRDA:8,1,0,0
BRDA:8,1,1,0
BRDA:8,1,2,0
BRF:5
BRH:0
end_of_record
TN:
SF:src/services/passport.js
FN:4,(anonymous_0)
FNF:1
FNH:1
FNDA:2,(anonymous_0)
DA:3,2
DA:4,2
DA:5,2
DA:6,2
DA:11,2
LF:5
LH:5
BRF:0
BRH:0
end_of_record
TN:
SF:src/validations/blog.js
FN:8,(anonymous_0)
FNF:1
FNH:1
FNDA:1,(anonymous_0)
DA:3,2
DA:8,2
DA:9,1
LF:3
LH:3
BRF:0
BRH:0
end_of_record
TN:
SF:src/validations/comment.js
FN:8,(anonymous_0)
FNF:1
FNH:0
FNDA:0,(anonymous_0)
DA:3,2
DA:8,2
DA:9,0
LF:3
LH:2
BRF:0
BRH:0
end_of_record
TN:
SF:src/validations/login.js
FN:8,(anonymous_0)
FNF:1
FNH:0
FNDA:0,(anonymous_0)
DA:3,2
DA:8,2
DA:9,0
LF:3
LH:2
BRF:0
BRH:0
end_of_record
TN:
SF:src/validations/message.js
FN:9,(anonymous_0)
FNF:1
FNH:1
FNDA:2,(anonymous_0)
DA:3,2
DA:9,2
DA:10,2
LF:3
LH:3
BRF:0
BRH:0
end_of_record
